<?xml version="1.0" encoding="UTF-8"?>
<!-- Generated by org.testng.reporters.JUnitXMLReporter -->
<testsuite hostname="DESKTOP-APIDJLV" name="Test" tests="2" failures="0" timestamp="25 Apr 2021 11:31:25 GMT" time="0.077" errors="0">
  <testcase name="@BeforeMethod beforemethod" time="0.0" classname="com.guna.automation.testcases.Maven_Demo">
    <failure type="java.lang.NullPointerException">
      <![CDATA[java.lang.NullPointerException
	at com.guna.BaseTest.BaseTest.beforemethod(BaseTest.java:121)
... Removed 26 stack frames]]>
    </failure>
  </testcase> <!-- @BeforeMethod beforemethod -->
  <testcase name="@AfterMethod aftermethod" time="0.0" classname="com.guna.automation.testcases.Maven_Demo">
    <skipped/>
  </testcase> <!-- @AfterMethod aftermethod -->
  <testcase name="@BeforeMethod beforemethod" time="0.0" classname="com.guna.automation.testcases.Test2">
    <skipped/>
  </testcase> <!-- @BeforeMethod beforemethod -->
  <testcase name="@AfterMethod aftermethod" time="0.0" classname="com.guna.automation.testcases.Test2">
    <skipped/>
  </testcase> <!-- @AfterMethod aftermethod -->
  <testcase name="" time="0.005" classname="com.guna.automation.testcases.Maven_Demo">
    <skipped/>
  </testcase> <!--  -->
  <testcase name="Demo" time="0.002" classname="com.guna.automation.testcases.Test2">
    <skipped/>
  </testcase> <!-- Demo -->
</testsuite> <!-- Test -->
