<?xml version="1.0" encoding="UTF-8"?>
<testsuite xmlns:xsi="http://www.w3.org/2001/XMLSchema-instance" xsi:noNamespaceSchemaLocation="https://maven.apache.org/surefire/maven-surefire-plugin/xsd/surefire-test-report.xsd" name="TestSuite" time="6.378" tests="7" errors="0" skipped="6" failures="1">
  <properties>
[...]
</properties>
  <testcase name="(com.guna.automation.testcases.Maven_Demo)" classname="com.guna.automation.testcases.Maven_Demo" time="6.172">
    <failure type="java.lang.NullPointerException">java.lang.NullPointerException
</failure>
    <system-out><![CDATA[[TestNGContentHandler] [WARN] It is strongly recommended to add "<!DOCTYPE suite SYSTEM "http://testng.org/testng-1.0.dtd" >" at the top of your file, otherwise TestNG may fail or not work as expected.
 Test case is Started: TestDemo
]]></system-out>
    <system-err><![CDATA[SLF4J: Failed to load class "org.slf4j.impl.StaticLoggerBinder".
SLF4J: Defaulting to no-operation (NOP) logger implementation
SLF4J: See http://www.slf4j.org/codes.html#StaticLoggerBinder for further details.
Starting ChromeDriver 89.0.4389.23 (61b08ee2c50024bab004e48d2b1b083cdbdac579-refs/branch-heads/4389@{#294}) on port 3217
Only local connections are allowed.
Please see https://chromedriver.chromium.org/security-considerations for suggestions on keeping ChromeDriver safe.
ChromeDriver was started successfully.
[1619350814.985][WARNING]: This version of ChromeDriver has not been tested with Chrome version 90.
Apr 25, 2021 5:10:15 PM org.openqa.selenium.remote.ProtocolHandshake createSession
INFO: Detected dialect: W3C
]]></system-err>
  </testcase>
  <testcase name="(com.guna.automation.testcases.Maven_Demo)" classname="com.guna.automation.testcases.Maven_Demo" time="0">
    <skipped/>
  </testcase>
  <testcase name="(com.guna.automation.testcases.Maven_Demo)" classname="com.guna.automation.testcases.Maven_Demo" time="0">
    <skipped/>
  </testcase>
  <testcase name="beforemethod" classname="com.guna.automation.testcases.Test2" time="0">
    <skipped/>
  </testcase>
  <testcase name="Demo" classname="com.guna.automation.testcases.Test2" time="0">
    <skipped/>
  </testcase>
  <testcase name="aftermethod" classname="com.guna.automation.testcases.Test2" time="0">
    <skipped/>
  </testcase>
  <testcase name="CloseBrowser" classname="com.guna.automation.testcases.Maven_Demo" time="0">
    <skipped/>
  </testcase>
</testsuite>