<?xml version="1.0" encoding="UTF-8"?>
<testng-results skipped="1" failed="0" total="1" passed="0">
  <reporter-output>
  </reporter-output>
  <suite name="Default suite" duration-ms="64" started-at="2021-04-27T11:39:48Z" finished-at="2021-04-27T11:39:48Z">
    <groups>
    </groups>
    <test name="Default test" duration-ms="64" started-at="2021-04-27T11:39:48Z" finished-at="2021-04-27T11:39:48Z">
      <class name="com.guna.automation.testcases.Maven_Demo">
        <test-method status="PASS" signature="openBrowser(java.lang.String)[pri:0, instance:com.guna.automation.testcases.Maven_Demo@12b0404f]" test-instance-name="" name="openBrowser" is-config="true" duration-ms="6669" started-at="2021-04-27T17:09:41Z" finished-at="2021-04-27T17:09:48Z">
          <params>
            <param index="0">
              <value>
                <![CDATA[chrome]]>
              </value>
            </param>
          </params>
          <reporter-output>
          </reporter-output>
        </test-method> <!-- openBrowser -->
        <test-method status="FAIL" signature="beforemethod(java.lang.reflect.Method)[pri:0, instance:com.guna.automation.testcases.Maven_Demo@12b0404f]" test-instance-name="" name="beforemethod" is-config="true" duration-ms="0" started-at="2021-04-27T17:09:48Z" finished-at="2021-04-27T17:09:48Z">
          <params>
            <param index="0">
              <value>
                <![CDATA[public void com.guna.automation.testcases.Maven_Demo.TestDemo()]]>
              </value>
            </param>
          </params>
          <exception class="java.lang.NullPointerException">
            <full-stacktrace>
              <![CDATA[java.lang.NullPointerException
	at com.guna.BaseTest.BaseTest.beforemethod(BaseTest.java:128)
	at sun.reflect.NativeMethodAccessorImpl.invoke0(Native Method)
	at sun.reflect.NativeMethodAccessorImpl.invoke(NativeMethodAccessorImpl.java:62)
	at sun.reflect.DelegatingMethodAccessorImpl.invoke(DelegatingMethodAccessorImpl.java:43)
	at java.lang.reflect.Method.invoke(Method.java:498)
	at org.testng.internal.MethodInvocationHelper.invokeMethod(MethodInvocationHelper.java:86)
	at org.testng.internal.Invoker.invokeConfigurationMethod(Invoker.java:514)
	at org.testng.internal.Invoker.invokeConfigurations(Invoker.java:215)
	at org.testng.internal.Invoker.invokeMethod(Invoker.java:589)
	at org.testng.internal.Invoker.invokeTestMethod(Invoker.java:820)
	at org.testng.internal.Invoker.invokeTestMethods(Invoker.java:1128)
	at org.testng.internal.TestMethodWorker.invokeTestMethods(TestMethodWorker.java:129)
	at org.testng.internal.TestMethodWorker.run(TestMethodWorker.java:112)
	at org.testng.TestRunner.privateRun(TestRunner.java:782)
	at org.testng.TestRunner.run(TestRunner.java:632)
	at org.testng.SuiteRunner.runTest(SuiteRunner.java:366)
	at org.testng.SuiteRunner.runSequentially(SuiteRunner.java:361)
	at org.testng.SuiteRunner.privateRun(SuiteRunner.java:319)
	at org.testng.SuiteRunner.run(SuiteRunner.java:268)
	at org.testng.SuiteRunnerWorker.runSuite(SuiteRunnerWorker.java:52)
	at org.testng.SuiteRunnerWorker.run(SuiteRunnerWorker.java:86)
	at org.testng.TestNG.runSuitesSequentially(TestNG.java:1244)
	at org.testng.TestNG.runSuitesLocally(TestNG.java:1169)
	at org.testng.TestNG.run(TestNG.java:1064)
	at org.testng.remote.AbstractRemoteTestNG.run(AbstractRemoteTestNG.java:115)
	at org.testng.remote.RemoteTestNG.initAndRun(RemoteTestNG.java:251)
	at org.testng.remote.RemoteTestNG.main(RemoteTestNG.java:77)
]]>
            </full-stacktrace>
          </exception> <!-- java.lang.NullPointerException -->
          <reporter-output>
          </reporter-output>
        </test-method> <!-- beforemethod -->
        <test-method status="SKIP" signature="TestDemo()[pri:0, instance:com.guna.automation.testcases.Maven_Demo@12b0404f]" test-instance-name="" name="TestDemo" duration-ms="3" started-at="2021-04-27T17:09:48Z" finished-at="2021-04-27T17:09:48Z">
          <reporter-output>
          </reporter-output>
        </test-method> <!-- TestDemo -->
        <test-method status="SKIP" signature="aftermethod(org.testng.ITestResult, java.lang.reflect.Method)[pri:0, instance:com.guna.automation.testcases.Maven_Demo@12b0404f]" test-instance-name="" name="aftermethod" is-config="true" duration-ms="0" started-at="2021-04-27T17:09:48Z" finished-at="2021-04-27T17:09:48Z">
          <reporter-output>
          </reporter-output>
        </test-method> <!-- aftermethod -->
        <test-method status="SKIP" signature="CloseBrowser()[pri:0, instance:com.guna.automation.testcases.Maven_Demo@12b0404f]" test-instance-name="" name="CloseBrowser" is-config="true" duration-ms="0" started-at="2021-04-27T17:09:48Z" finished-at="2021-04-27T17:09:48Z">
          <reporter-output>
          </reporter-output>
        </test-method> <!-- CloseBrowser -->
      </class> <!-- com.guna.automation.testcases.Maven_Demo -->
    </test> <!-- Default test -->
  </suite> <!-- Default suite -->
</testng-results>
